<?xml version="1.0" encoding="UTF-8"?>
<testsuite xmlns:xsi="http://www.w3.org/2001/XMLSchema-instance" xsi:noNamespaceSchemaLocation="https://maven.apache.org/surefire/maven-surefire-plugin/xsd/surefire-test-report.xsd" name="com.wyk.AppTest" time="0.021" tests="1" errors="0" skipped="0" failures="0">
  <properties>
    <property name="sun.desktop" value="windows"/>
    <property name="awt.toolkit" value="sun.awt.windows.WToolkit"/>
    <property name="file.encoding.pkg" value="sun.io"/>
    <property name="java.specification.version" value="1.8"/>
    <property name="sun.cpu.isalist" value="amd64"/>
    <property name="sun.jnu.encoding" value="GBK"/>
    <property name="java.class.path" value="C:\works\codes\java\my_rpc\rpc-api\target\test-classes;C:\works\codes\java\my_rpc\rpc-api\target\classes;C:\works\environment\maven\localRepository\junit\junit\4.11\junit-4.11.jar;C:\works\environment\maven\localRepository\org\hamcrest\hamcrest-core\1.3\hamcrest-core-1.3.jar;"/>
    <property name="java.vm.vendor" value="Oracle Corporation"/>
    <property name="sun.arch.data.model" value="64"/>
    <property name="user.variant" value=""/>
    <property name="java.vendor.url" value="http://java.oracle.com/"/>
    <property name="user.timezone" value="Asia/Shanghai"/>
    <property name="java.vm.specification.version" value="1.8"/>
    <property name="os.name" value="Windows 10"/>
    <property name="user.country" value="CN"/>
    <property name="sun.java.launcher" value="SUN_STANDARD"/>
    <property name="sun.boot.library.path" value="C:\works\environment\java\java8\jdk\jre\bin"/>
    <property name="sun.java.command" value="C:\Users\MyPC\AppData\Local\Temp\surefire2173742618435467525\surefirebooter5117983919057152366.jar C:\Users\MyPC\AppData\Local\Temp\surefire2173742618435467525 2019-06-05T22-03-57_157-jvmRun1 surefire8849617840485529456tmp surefire_07064530302164475289tmp"/>
    <property name="surefire.test.class.path" value="C:\works\codes\java\my_rpc\rpc-api\target\test-classes;C:\works\codes\java\my_rpc\rpc-api\target\classes;C:\works\environment\maven\localRepository\junit\junit\4.11\junit-4.11.jar;C:\works\environment\maven\localRepository\org\hamcrest\hamcrest-core\1.3\hamcrest-core-1.3.jar;"/>
    <property name="sun.cpu.endian" value="little"/>
    <property name="user.home" value="C:\Users\MyPC"/>
    <property name="user.language" value="zh"/>
    <property name="java.specification.vendor" value="Oracle Corporation"/>
    <property name="java.home" value="C:\works\environment\java\java8\jdk\jre"/>
    <property name="basedir" value="C:\works\codes\java\my_rpc\rpc-api"/>
    <property name="file.separator" value="\"/>
    <property name="line.separator" value="&#10;"/>
    <property name="java.vm.specification.vendor" value="Oracle Corporation"/>
    <property name="java.specification.name" value="Java Platform API Specification"/>
    <property name="java.awt.graphicsenv" value="sun.awt.Win32GraphicsEnvironment"/>
    <property name="surefire.real.class.path" value="C:\Users\MyPC\AppData\Local\Temp\surefire2173742618435467525\surefirebooter5117983919057152366.jar"/>
    <property name="sun.boot.class.path" value="C:\works\environment\java\java8\jdk\jre\lib\resources.jar;C:\works\environment\java\java8\jdk\jre\lib\rt.jar;C:\works\environment\java\java8\jdk\jre\lib\sunrsasign.jar;C:\works\environment\java\java8\jdk\jre\lib\jsse.jar;C:\works\environment\java\java8\jdk\jre\lib\jce.jar;C:\works\environment\java\java8\jdk\jre\lib\charsets.jar;C:\works\environment\java\java8\jdk\jre\lib\jfr.jar;C:\works\environment\java\java8\jdk\jre\classes"/>
    <property name="user.script" value=""/>
    <property name="sun.management.compiler" value="HotSpot 64-Bit Tiered Compilers"/>
    <property name="java.runtime.version" value="1.8.0_151-b12"/>
    <property name="user.name" value="MyPC"/>
    <property name="path.separator" value=";"/>
    <property name="os.version" value="10.0"/>
    <property name="java.endorsed.dirs" value="C:\works\environment\java\java8\jdk\jre\lib\endorsed"/>
    <property name="java.runtime.name" value="Java(TM) SE Runtime Environment"/>
    <property name="file.encoding" value="GBK"/>
    <property name="java.vm.name" value="Java HotSpot(TM) 64-Bit Server VM"/>
    <property name="localRepository" value="C:\works\environment\maven\localRepository"/>
    <property name="java.vendor.url.bug" value="http://bugreport.sun.com/bugreport/"/>
    <property name="java.io.tmpdir" value="C:\Users\MyPC\AppData\Local\Temp\"/>
    <property name="idea.version" value="2018.2.5"/>
    <property name="java.version" value="1.8.0_151"/>
    <property name="user.dir" value="C:\works\codes\java\my_rpc\rpc-api"/>
    <property name="os.arch" value="amd64"/>
    <property name="java.vm.specification.name" value="Java Virtual Machine Specification"/>
    <property name="java.awt.printerjob" value="sun.awt.windows.WPrinterJob"/>
    <property name="sun.os.patch.level" value=""/>
    <property name="java.library.path" value="C:\works\environment\java\java8\jdk\jre\bin;C:\windows\Sun\Java\bin;C:\windows\system32;C:\windows;C:\ProgramData\Oracle\Java\javapath;C:\windows\system32;C:\windows;C:\windows\System32\Wbem;C:\windows\System32\WindowsPowerShell\v1.0\;C:\windows\System32\OpenSSH\;C:\works\environment\java\java8\jdk\bin;C:\works\environment\java\java8\jdk\jre\bin;C:\works\software\Git\cmd;C:\works\environment\nodejs\;C:\works\environment\maven\apache-maven-3.3.9\bin;C:\works\environment\gradle\gradle-4.3.1\bin;C:\Users\MyPC\AppData\Local\Microsoft\WindowsApps;;C:\works\software\Microsoft VS Code\bin;C:\Users\MyPC\AppData\Roaming\npm;."/>
    <property name="java.vm.info" value="mixed mode"/>
    <property name="java.vendor" value="Oracle Corporation"/>
    <property name="java.vm.version" value="25.151-b12"/>
    <property name="java.ext.dirs" value="C:\works\environment\java\java8\jdk\jre\lib\ext;C:\windows\Sun\Java\lib\ext"/>
    <property name="sun.io.unicode.encoding" value="UnicodeLittle"/>
    <property name="maven.repo.local" value="C:\works\environment\maven\localRepository"/>
    <property name="java.class.version" value="52.0"/>
  </properties>
  <testcase name="shouldAnswerWithTrue" classname="com.wyk.AppTest" time="0.001"/>
</testsuite>